# JRE version: Java(TM) SE Runtime Environment (8.0_301-b09) (build 1.8.0_301-b09)
# Java VM: Java HotSpot(TM) 64-Bit Server VM (25.301-b09 mixed mode windows-amd64 compressed oops)
Heap:
 PSYoungGen      total 37376K, used 11680K [0x0000000783600000, 0x0000000785e80000, 0x00000007c0000000)
  eden space 36864K, 31% used [0x0000000783600000,0x00000007841480a0,0x0000000785a00000)
  from space 512K, 25% used [0x0000000785a80000,0x0000000785aa0000,0x0000000785b00000)
  to   space 2048K, 0% used [0x0000000785c80000,0x0000000785c80000,0x0000000785e80000)
 ParOldGen       total 124416K, used 1803K [0x000000070a200000, 0x0000000711b80000, 0x0000000783600000)
  object space 124416K, 1% used [0x000000070a200000,0x000000070a3c2d48,0x0000000711b80000)
 Metaspace       used 10472K, capacity 10628K, committed 10880K, reserved 1058816K
  class space    used 1235K, capacity 1323K, committed 1408K, reserved 1048576K
GC Heap History (10 events):
Event: 10.326 GC heap before
{Heap before GC invocations=15 (full 0):
 PSYoungGen      total 39936K, used 39584K [0x0000000783600000, 0x0000000786280000, 0x00000007c0000000)
  eden space 39424K, 100% used [0x0000000783600000,0x0000000785c80000,0x0000000785c80000)
  from space 512K, 31% used [0x0000000786200000,0x0000000786228000,0x0000000786280000)
  to   space 2560K, 0% used [0x0000000785d80000,0x0000000785d80000,0x0000000786000000)
 ParOldGen       total 124416K, used 1747K [0x000000070a200000, 0x0000000711b80000, 0x0000000783600000)
  object space 124416K, 1% used [0x000000070a200000,0x000000070a3b4d48,0x0000000711b80000)
 Metaspace       used 10446K, capacity 10624K, committed 10880K, reserved 1058816K
  class space    used 1233K, capacity 1323K, committed 1408K, reserved 1048576K
Event: 10.327 GC heap after
Heap after GC invocations=15 (full 0):
 PSYoungGen      total 41472K, used 160K [0x0000000783600000, 0x0000000786280000, 0x00000007c0000000)
  eden space 38912K, 0% used [0x0000000783600000,0x0000000783600000,0x0000000785c00000)
  from space 2560K, 6% used [0x0000000785d80000,0x0000000785da8000,0x0000000786000000)
  to   space 2560K, 0% used [0x0000000786000000,0x0000000786000000,0x0000000786280000)
 ParOldGen       total 124416K, used 1747K [0x000000070a200000, 0x0000000711b80000, 0x0000000783600000)
  object space 124416K, 1% used [0x000000070a200000,0x000000070a3b4d48,0x0000000711b80000)
 Metaspace       used 10446K, capacity 10624K, committed 10880K, reserved 1058816K
  class space    used 1233K, capacity 1323K, committed 1408K, reserved 1048576K
}
Event: 10.880 GC heap before
{Heap before GC invocations=16 (full 0):
 PSYoungGen      total 41472K, used 39072K [0x0000000783600000, 0x0000000786280000, 0x00000007c0000000)
  eden space 38912K, 100% used [0x0000000783600000,0x0000000785c00000,0x0000000785c00000)
  from space 2560K, 6% used [0x0000000785d80000,0x0000000785da8000,0x0000000786000000)
  to   space 2560K, 0% used [0x0000000786000000,0x0000000786000000,0x0000000786280000)
 ParOldGen       total 124416K, used 1747K [0x000000070a200000, 0x0000000711b80000, 0x0000000783600000)
  object space 124416K, 1% used [0x000000070a200000,0x000000070a3b4d48,0x0000000711b80000)
 Metaspace       used 10459K, capacity 10628K, committed 10880K, reserved 1058816K
  class space    used 1233K, capacity 1323K, committed 1408K, reserved 1048576K
Event: 10.881 GC heap after
Heap after GC invocations=16 (full 0):
 PSYoungGen      total 38912K, used 96K [0x0000000783600000, 0x0000000786080000, 0x00000007c0000000)
  eden space 38400K, 0% used [0x0000000783600000,0x0000000783600000,0x0000000785b80000)
  from space 512K, 18% used [0x0000000786000000,0x0000000786018000,0x0000000786080000)
  to   space 2560K, 0% used [0x0000000785b80000,0x0000000785b80000,0x0000000785e00000)
 ParOldGen       total 124416K, used 1747K [0x000000070a200000, 0x0000000711b80000, 0x0000000783600000)
  object space 124416K, 1% used [0x000000070a200000,0x000000070a3b4d48,0x0000000711b80000)
 Metaspace       used 10459K, capacity 10628K, committed 10880K, reserved 1058816K
  class space    used 1233K, capacity 1323K, committed 1408K, reserved 1048576K
}
Event: 11.445 GC heap before
{Heap before GC invocations=17 (full 0):
 PSYoungGen      total 38912K, used 38496K [0x0000000783600000, 0x0000000786080000, 0x00000007c0000000)
  eden space 38400K, 100% used [0x0000000783600000,0x0000000785b80000,0x0000000785b80000)
  from space 512K, 18% used [0x0000000786000000,0x0000000786018000,0x0000000786080000)
  to   space 2560K, 0% used [0x0000000785b80000,0x0000000785b80000,0x0000000785e00000)
 ParOldGen       total 124416K, used 1747K [0x000000070a200000, 0x0000000711b80000, 0x0000000783600000)
  object space 124416K, 1% used [0x000000070a200000,0x000000070a3b4d48,0x0000000711b80000)
 Metaspace       used 10461K, capacity 10628K, committed 10880K, reserved 1058816K
  class space    used 1233K, capacity 1323K, committed 1408K, reserved 1048576K
Event: 11.445 GC heap after
Heap after GC invocations=17 (full 0):
 PSYoungGen      total 40448K, used 128K [0x0000000783600000, 0x0000000786080000, 0x00000007c0000000)
  eden space 37888K, 0% used [0x0000000783600000,0x0000000783600000,0x0000000785b00000)
  from space 2560K, 5% used [0x0000000785b80000,0x0000000785ba0000,0x0000000785e00000)
  to   space 2560K, 0% used [0x0000000785e00000,0x0000000785e00000,0x0000000786080000)
 ParOldGen       total 124416K, used 1771K [0x000000070a200000, 0x0000000711b80000, 0x0000000783600000)
  object space 124416K, 1% used [0x000000070a200000,0x000000070a3bad48,0x0000000711b80000)
 Metaspace       used 10461K, capacity 10628K, committed 10880K, reserved 1058816K
  class space    used 1233K, capacity 1323K, committed 1408K, reserved 1048576K
}
Event: 11.995 GC heap before
{Heap before GC invocations=18 (full 0):
 PSYoungGen      total 40448K, used 38016K [0x0000000783600000, 0x0000000786080000, 0x00000007c0000000)
  eden space 37888K, 100% used [0x0000000783600000,0x0000000785b00000,0x0000000785b00000)
  from space 2560K, 5% used [0x0000000785b80000,0x0000000785ba0000,0x0000000785e00000)
  to   space 2560K, 0% used [0x0000000785e00000,0x0000000785e00000,0x0000000786080000)
 ParOldGen       total 124416K, used 1771K [0x000000070a200000, 0x0000000711b80000, 0x0000000783600000)
  object space 124416K, 1% used [0x000000070a200000,0x000000070a3bad48,0x0000000711b80000)
 Metaspace       used 10461K, capacity 10628K, committed 10880K, reserved 1058816K
  class space    used 1233K, capacity 1323K, committed 1408K, reserved 1048576K
Event: 11.995 GC heap after
Heap after GC invocations=18 (full 0):
 PSYoungGen      total 38912K, used 160K [0x0000000783600000, 0x0000000785f80000, 0x00000007c0000000)
  eden space 37376K, 0% used [0x0000000783600000,0x0000000783600000,0x0000000785a80000)
  from space 1536K, 10% used [0x0000000785e00000,0x0000000785e28000,0x0000000785f80000)
  to   space 2560K, 0% used [0x0000000785a80000,0x0000000785a80000,0x0000000785d00000)
 ParOldGen       total 124416K, used 1803K [0x000000070a200000, 0x0000000711b80000, 0x0000000783600000)
  object space 124416K, 1% used [0x000000070a200000,0x000000070a3c2d48,0x0000000711b80000)
 Metaspace       used 10461K, capacity 10628K, committed 10880K, reserved 1058816K
  class space    used 1233K, capacity 1323K, committed 1408K, reserved 1048576K
}
Event: 12.530 GC heap before
{Heap before GC invocations=19 (full 0):
 PSYoungGen      total 38912K, used 37536K [0x0000000783600000, 0x0000000785f80000, 0x00000007c0000000)
  eden space 37376K, 100% used [0x0000000783600000,0x0000000785a80000,0x0000000785a80000)
  from space 1536K, 10% used [0x0000000785e00000,0x0000000785e28000,0x0000000785f80000)
  to   space 2560K, 0% used [0x0000000785a80000,0x0000000785a80000,0x0000000785d00000)
 ParOldGen       total 124416K, used 1803K [0x000000070a200000, 0x0000000711b80000, 0x0000000783600000)
  object space 124416K, 1% used [0x000000070a200000,0x000000070a3c2d48,0x0000000711b80000)
 Metaspace       used 10461K, capacity 10628K, committed 10880K, reserved 1058816K
  class space    used 1233K, capacity 1323K, committed 1408K, reserved 1048576K
Event: 12.531 GC heap after
Heap after GC invocations=19 (full 0):
 PSYoungGen      total 37376K, used 128K [0x0000000783600000, 0x0000000785e80000, 0x00000007c0000000)
  eden space 36864K, 0% used [0x0000000783600000,0x0000000783600000,0x0000000785a00000)
  from space 512K, 25% used [0x0000000785a80000,0x0000000785aa0000,0x0000000785b00000)
  to   space 2048K, 0% used [0x0000000785c80000,0x0000000785c80000,0x0000000785e80000)
 ParOldGen       total 124416K, used 1803K [0x000000070a200000, 0x0000000711b80000, 0x0000000783600000)
  object space 124416K, 1% used [0x000000070a200000,0x000000070a3c2d48,0x0000000711b80000)
 Metaspace       used 10461K, capacity 10628K, committed 10880K, reserved 1058816K
  class space    used 1233K, capacity 1323K, committed 1408K, reserved 1048576K
}

